<?xml version="1.0" encoding="UTF-8"?>
<!-- Generated by org.testng.reporters.JUnitReportReporter -->
<testsuite skipped="0" hostname="DESKTOP-VDEJTHE" name="lab5.First_tests" tests="16" failures="0" timestamp="2020-05-12T11:32:05 GMT+04:00" time="4.242" errors="0">
  <testcase name="Task3AssExact" time="0.000" classname="lab5.First_tests"/>
  <system-out/>
  <testcase name="Task3FloorDiv" time="0.000" classname="lab5.First_tests"/>
  <system-out/>
  <testcase name="Task3FloorDiv" time="0.000" classname="lab5.First_tests"/>
  <system-out/>
  <testcase name="Task3FloorDiv" time="0.007" classname="lab5.First_tests"/>
  <system-out/>
  <testcase name="Task3FloorDiv" time="0.001" classname="lab5.First_tests"/>
  <system-out/>
  <testcase name="Task3Abs" time="0.001" classname="lab5.First_tests"/>
  <system-out/>
  <testcase name="Task3Abs" time="0.001" classname="lab5.First_tests"/>
  <system-out/>
  <testcase name="Task3Abs" time="0.013" classname="lab5.First_tests"/>
  <system-out/>
  <testcase name="Task3AssExact" time="0.000" classname="lab5.First_tests"/>
  <system-out/>
  <testcase name="Task3Abs" time="0.000" classname="lab5.First_tests"/>
  <system-out/>
  <testcase name="Task3AssExact" time="0.000" classname="lab5.First_tests"/>
  <system-out/>
  <testcase name="Task3Abs" time="0.000" classname="lab5.First_tests"/>
  <system-out/>
  <testcase name="Task3FloorDiv" time="0.000" classname="lab5.First_tests"/>
  <system-out/>
  <testcase name="Task3AssExact" time="0.000" classname="lab5.First_tests"/>
  <system-out/>
  <testcase name="Task3AssExact" time="0.001" classname="lab5.First_tests"/>
  <system-out/>
  <testcase name="first" time="4.218" classname="lab5.First_tests"/>
  <system-out/>
</testsuite> <!-- lab5.First_tests -->
