<?xml version="1.0" encoding="UTF-8"?>
<!-- Generated by org.testng.reporters.JUnitReportReporter -->
<testsuite skipped="0" hostname="DESKTOP-VDEJTHE" name="lab5.First_tests" tests="16" failures="0" timestamp="2020-05-12T15:36:16 GMT+04:00" time="4.064" errors="0">
  <testcase name="AddExact" time="0.001" classname="lab5.First_tests"/>
  <system-out/>
  <testcase name="Task3FloorDiv" time="0.001" classname="lab5.First_tests"/>
  <system-out/>
  <testcase name="Task3FloorDiv" time="0.001" classname="lab5.First_tests"/>
  <system-out/>
  <testcase name="Task3FloorDiv" time="0.004" classname="lab5.First_tests"/>
  <system-out/>
  <testcase name="AddExact" time="0.000" classname="lab5.First_tests"/>
  <system-out/>
  <testcase name="Task3FloorDiv" time="0.000" classname="lab5.First_tests"/>
  <system-out/>
  <testcase name="Abs" time="0.001" classname="lab5.First_tests"/>
  <system-out/>
  <testcase name="Abs" time="0.000" classname="lab5.First_tests"/>
  <system-out/>
  <testcase name="Abs" time="0.009" classname="lab5.First_tests"/>
  <system-out/>
  <testcase name="AddExact" time="0.000" classname="lab5.First_tests"/>
  <system-out/>
  <testcase name="Abs" time="0.001" classname="lab5.First_tests"/>
  <system-out/>
  <testcase name="AddExact" time="0.001" classname="lab5.First_tests"/>
  <system-out/>
  <testcase name="Abs" time="0.000" classname="lab5.First_tests"/>
  <system-out/>
  <testcase name="Task3FloorDiv" time="0.000" classname="lab5.First_tests"/>
  <system-out/>
  <testcase name="AddExact" time="0.003" classname="lab5.First_tests"/>
  <system-out/>
  <testcase name="first" time="4.042" classname="lab5.First_tests"/>
  <system-out/>
</testsuite> <!-- lab5.First_tests -->
